<?xml version="1.0" encoding="UTF-8"?>
<testng-results skipped="0" failed="1" total="1" passed="0">
  <reporter-output>
  </reporter-output>
  <suite name="Default suite" duration-ms="13464" started-at="2022-01-14T06:42:10Z" finished-at="2022-01-14T06:42:23Z">
    <groups>
    </groups>
    <test name="Default test" duration-ms="13464" started-at="2022-01-14T06:42:10Z" finished-at="2022-01-14T06:42:23Z">
      <class name="TestScript.Facebook_login">
        <test-method status="PASS" signature="openAppln()[pri:0, instance:TestScript.Facebook_login@6e1567f1]" name="openAppln" is-config="true" duration-ms="8820" started-at="2022-01-14T12:12:10Z" finished-at="2022-01-14T12:12:19Z">
          <reporter-output>
          </reporter-output>
        </test-method> <!-- openAppln -->
        <test-method status="FAIL" signature="loginE()[pri:0, instance:TestScript.Facebook_login@6e1567f1]" name="loginE" duration-ms="110" started-at="2022-01-14T12:12:19Z" finished-at="2022-01-14T12:12:19Z">
          <exception class="java.lang.NoSuchMethodError">
            <message>
              <![CDATA[org.apache.commons.io.IOUtils.byteArray(I)[B]]>
            </message>
            <full-stacktrace>
              <![CDATA[java.lang.NoSuchMethodError: org.apache.commons.io.IOUtils.byteArray(I)[B
	at org.apache.commons.io.output.AbstractByteArrayOutputStream.needNewBuffer(AbstractByteArrayOutputStream.java:104)
	at org.apache.commons.io.output.UnsynchronizedByteArrayOutputStream.<init>(UnsynchronizedByteArrayOutputStream.java:51)
	at org.apache.poi.util.IOUtils.peekFirstNBytes(IOUtils.java:110)
	at org.apache.poi.poifs.filesystem.FileMagic.valueOf(FileMagic.java:209)
	at org.apache.poi.ss.usermodel.WorkbookFactory.create(WorkbookFactory.java:206)
	at org.apache.poi.ss.usermodel.WorkbookFactory.create(WorkbookFactory.java:172)
	at Generic.Generic_read_excel.getData(Generic_read_excel.java:17)
	at TestScript.Facebook_login.loginE(Facebook_login.java:17)
	at sun.reflect.NativeMethodAccessorImpl.invoke0(Native Method)
	at sun.reflect.NativeMethodAccessorImpl.invoke(Unknown Source)
	at sun.reflect.DelegatingMethodAccessorImpl.invoke(Unknown Source)
	at java.lang.reflect.Method.invoke(Unknown Source)
	at org.testng.internal.MethodInvocationHelper.invokeMethod(MethodInvocationHelper.java:100)
	at org.testng.internal.Invoker.invokeMethod(Invoker.java:646)
	at org.testng.internal.Invoker.invokeTestMethod(Invoker.java:811)
	at org.testng.internal.Invoker.invokeTestMethods(Invoker.java:1129)
	at org.testng.internal.TestMethodWorker.invokeTestMethods(TestMethodWorker.java:129)
	at org.testng.internal.TestMethodWorker.run(TestMethodWorker.java:112)
	at org.testng.TestRunner.privateRun(TestRunner.java:746)
	at org.testng.TestRunner.run(TestRunner.java:600)
	at org.testng.SuiteRunner.runTest(SuiteRunner.java:366)
	at org.testng.SuiteRunner.runSequentially(SuiteRunner.java:361)
	at org.testng.SuiteRunner.privateRun(SuiteRunner.java:319)
	at org.testng.SuiteRunner.run(SuiteRunner.java:268)
	at org.testng.SuiteRunnerWorker.runSuite(SuiteRunnerWorker.java:52)
	at org.testng.SuiteRunnerWorker.run(SuiteRunnerWorker.java:86)
	at org.testng.TestNG.runSuitesSequentially(TestNG.java:1264)
	at org.testng.TestNG.runSuitesLocally(TestNG.java:1189)
	at org.testng.TestNG.runSuites(TestNG.java:1104)
	at org.testng.TestNG.run(TestNG.java:1076)
	at org.testng.remote.AbstractRemoteTestNG.run(AbstractRemoteTestNG.java:126)
	at org.testng.remote.RemoteTestNG.initAndRun(RemoteTestNG.java:152)
	at org.testng.remote.RemoteTestNG.main(RemoteTestNG.java:57)
]]>
            </full-stacktrace>
          </exception> <!-- java.lang.NoSuchMethodError -->
          <reporter-output>
          </reporter-output>
        </test-method> <!-- loginE -->
        <test-method status="PASS" signature="closeAppln(org.testng.ITestResult)[pri:0, instance:TestScript.Facebook_login@6e1567f1]" name="closeAppln" is-config="true" duration-ms="4474" started-at="2022-01-14T12:12:19Z" finished-at="2022-01-14T12:12:23Z">
          <params>
            <param index="0">
              <value>
                <![CDATA[[TestResult name=loginE status=FAILURE method=Facebook_login.loginE()[pri:0, instance:TestScript.Facebook_login@6e1567f1] output={null}]]]>
              </value>
            </param>
          </params>
          <reporter-output>
          </reporter-output>
        </test-method> <!-- closeAppln -->
      </class> <!-- TestScript.Facebook_login -->
    </test> <!-- Default test -->
  </suite> <!-- Default suite -->
</testng-results>
