<?xml version="1.0" encoding="UTF-8"?>
<!-- Generated by org.testng.reporters.JUnitXMLReporter -->
<testsuite hostname="DESKTOP-73S007T" name="Test" tests="1" failures="1" timestamp="14 Jan 2022 06:41:51 GMT" time="12.662" errors="0">
  <testcase name="loginE" time="0.139" classname="TestScript.Facebook_login">
    <failure type="java.lang.NoSuchMethodError" message="org.apache.commons.io.IOUtils.byteArray(I)[B">
      <![CDATA[java.lang.NoSuchMethodError: org.apache.commons.io.IOUtils.byteArray(I)[B
	at org.apache.commons.io.output.AbstractByteArrayOutputStream.needNewBuffer(AbstractByteArrayOutputStream.java:104)
	at org.apache.commons.io.output.UnsynchronizedByteArrayOutputStream.<init>(UnsynchronizedByteArrayOutputStream.java:51)
	at org.apache.poi.util.IOUtils.peekFirstNBytes(IOUtils.java:110)
	at org.apache.poi.poifs.filesystem.FileMagic.valueOf(FileMagic.java:209)
	at org.apache.poi.ss.usermodel.WorkbookFactory.create(WorkbookFactory.java:206)
	at org.apache.poi.ss.usermodel.WorkbookFactory.create(WorkbookFactory.java:172)
	at Generic.Generic_read_excel.getData(Generic_read_excel.java:17)
	at TestScript.Facebook_login.loginE(Facebook_login.java:17)
... Removed 25 stack frames]]>
    </failure>
  </testcase> <!-- loginE -->
</testsuite> <!-- Test -->
